c:\users\sabin\desktop\photometric-stereo-master\bin\main.dir\debug\vc120.pdb
c:\users\sabin\desktop\photometric-stereo-master\bin\main.dir\debug\photometricstereo.obj
c:\users\sabin\desktop\photometric-stereo-master\bin\main.dir\debug\main.obj
c:\users\sabin\desktop\photometric-stereo-master\bin\main.dir\debug\lightdirection.obj
c:\users\sabin\desktop\photometric-stereo-master\bin\main.dir\debug\display3dmesh.obj
c:\users\sabin\desktop\photometric-stereo-master\bin\debug\main.ilk
c:\users\sabin\desktop\photometric-stereo-master\bin\debug\main.exe
c:\users\sabin\desktop\photometric-stereo-master\bin\debug\main.pdb
c:\users\sabin\desktop\3drenderingphotometric\bin\main.dir\debug\display3dmesh.obj
c:\users\sabin\desktop\3drenderingphotometric\bin\main.dir\debug\lightdirection.obj
c:\users\sabin\desktop\3drenderingphotometric\bin\main.dir\debug\main.obj
c:\users\sabin\desktop\3drenderingphotometric\bin\main.dir\debug\photometricstereo.obj
c:\users\sabin\desktop\3drenderingphotometric\bin\main.dir\debug\vc120.pdb
c:\users\sabin\desktop\3drenderingphotometric\bin\main.dir\debug\main.tlog\cl.command.1.tlog
c:\users\sabin\desktop\3drenderingphotometric\bin\main.dir\debug\main.tlog\cl.read.1.tlog
c:\users\sabin\desktop\3drenderingphotometric\bin\main.dir\debug\main.tlog\cl.write.1.tlog
c:\users\sabin\desktop\3drenderingphotometric\bin\main.dir\debug\main.tlog\custombuild.command.1.tlog
c:\users\sabin\desktop\3drenderingphotometric\bin\main.dir\debug\main.tlog\custombuild.read.1.tlog
c:\users\sabin\desktop\3drenderingphotometric\bin\main.dir\debug\main.tlog\custombuild.write.1.tlog
c:\users\sabin\desktop\3drenderingphotometric\bin\main.dir\debug\main.tlog\link.command.1.tlog
c:\users\sabin\desktop\3drenderingphotometric\bin\main.dir\debug\main.tlog\link.read.1.tlog
c:\users\sabin\desktop\3drenderingphotometric\bin\main.dir\debug\main.tlog\link.write.1.tlog
